2024-07-29T13:36:52.712+05:30  INFO 3720 --- [event_planner] [restartedMain] com.rsl.event.EventPlannerApplication    : Starting EventPlannerApplication using Java 21.0.3 with PID 3720 (C:\Users\lenovo\Documents\workspace-spring-tool-suite-4-4.23.1.RELEASE\event_planner\target\classes started by Mane Manoj in C:\Users\lenovo\Documents\workspace-spring-tool-suite-4-4.23.1.RELEASE\event_planner)
2024-07-29T13:36:52.712+05:30 DEBUG 3720 --- [event_planner] [restartedMain] com.rsl.event.EventPlannerApplication    : Running with Spring Boot v3.3.2, Spring v6.1.11
2024-07-29T13:36:52.713+05:30  INFO 3720 --- [event_planner] [restartedMain] com.rsl.event.EventPlannerApplication    : No active profile set, falling back to 1 default profile: "default"
2024-07-29T13:36:53.101+05:30  INFO 3720 --- [event_planner] [restartedMain] .s.d.r.c.RepositoryConfigurationDelegate : Bootstrapping Spring Data JPA repositories in DEFAULT mode.
2024-07-29T13:36:53.124+05:30  INFO 3720 --- [event_planner] [restartedMain] .s.d.r.c.RepositoryConfigurationDelegate : Finished Spring Data repository scanning in 22 ms. Found 5 JPA repository interfaces.
2024-07-29T13:36:53.307+05:30  INFO 3720 --- [event_planner] [restartedMain] o.s.b.w.embedded.tomcat.TomcatWebServer  : Tomcat initialized with port 8080 (http)
2024-07-29T13:36:53.309+05:30  INFO 3720 --- [event_planner] [restartedMain] o.apache.catalina.core.StandardService   : Starting service [Tomcat]
2024-07-29T13:36:53.309+05:30  INFO 3720 --- [event_planner] [restartedMain] o.apache.catalina.core.StandardEngine    : Starting Servlet engine: [Apache Tomcat/10.1.26]
2024-07-29T13:36:53.352+05:30  INFO 3720 --- [event_planner] [restartedMain] o.a.c.c.C.[Tomcat-4].[localhost].[/]     : Initializing Spring embedded WebApplicationContext
2024-07-29T13:36:53.352+05:30  INFO 3720 --- [event_planner] [restartedMain] w.s.c.ServletWebServerApplicationContext : Root WebApplicationContext: initialization completed in 635 ms
2024-07-29T13:36:53.443+05:30  INFO 3720 --- [event_planner] [restartedMain] o.hibernate.jpa.internal.util.LogHelper  : HHH000204: Processing PersistenceUnitInfo [name: default]
2024-07-29T13:36:53.450+05:30  INFO 3720 --- [event_planner] [restartedMain] o.h.c.internal.RegionFactoryInitiator    : HHH000026: Second-level cache disabled
2024-07-29T13:36:53.482+05:30  INFO 3720 --- [event_planner] [restartedMain] o.s.o.j.p.SpringPersistenceUnitInfo      : No LoadTimeWeaver setup: ignoring JPA class transformer
2024-07-29T13:36:53.485+05:30  INFO 3720 --- [event_planner] [restartedMain] com.zaxxer.hikari.HikariDataSource       : HikariPool-16 - Starting...
2024-07-29T13:36:53.501+05:30  INFO 3720 --- [event_planner] [restartedMain] com.zaxxer.hikari.pool.HikariPool        : HikariPool-16 - Added connection com.mysql.cj.jdbc.ConnectionImpl@64e74708
2024-07-29T13:36:53.502+05:30  INFO 3720 --- [event_planner] [restartedMain] com.zaxxer.hikari.HikariDataSource       : HikariPool-16 - Start completed.
2024-07-29T13:36:53.503+05:30  WARN 3720 --- [event_planner] [restartedMain] org.hibernate.orm.deprecation            : HHH90000025: MySQL8Dialect does not need to be specified explicitly using 'hibernate.dialect' (remove the property setting and it will be selected by default)
2024-07-29T13:36:53.503+05:30  WARN 3720 --- [event_planner] [restartedMain] org.hibernate.orm.deprecation            : HHH90000026: MySQL8Dialect has been deprecated; use org.hibernate.dialect.MySQLDialect instead
2024-07-29T13:36:53.633+05:30  INFO 3720 --- [event_planner] [restartedMain] o.h.e.t.j.p.i.JtaPlatformInitiator       : HHH000489: No JTA platform available (set 'hibernate.transaction.jta.platform' to enable JTA platform integration)
2024-07-29T13:37:01.399+05:30  INFO 3720 --- [event_planner] [restartedMain] j.LocalContainerEntityManagerFactoryBean : Initialized JPA EntityManagerFactory for persistence unit 'default'
2024-07-29T13:37:01.546+05:30  WARN 3720 --- [event_planner] [restartedMain] JpaBaseConfiguration$JpaWebConfiguration : spring.jpa.open-in-view is enabled by default. Therefore, database queries may be performed during view rendering. Explicitly configure spring.jpa.open-in-view to disable this warning
2024-07-29T13:37:01.706+05:30  INFO 3720 --- [event_planner] [restartedMain] o.s.b.d.a.OptionalLiveReloadServer       : LiveReload server is running on port 35729
2024-07-29T13:37:01.724+05:30  INFO 3720 --- [event_planner] [restartedMain] o.s.b.w.embedded.tomcat.TomcatWebServer  : Tomcat started on port 8080 (http) with context path '/'
2024-07-29T13:37:01.729+05:30  INFO 3720 --- [event_planner] [restartedMain] com.rsl.event.EventPlannerApplication    : Started EventPlannerApplication in 9.161 seconds (process running for 3970.549)
2024-07-29T13:37:01.730+05:30  INFO 3720 --- [event_planner] [restartedMain] .ConditionEvaluationDeltaLoggingListener : Condition evaluation unchanged
2024-07-29T13:37:09.550+05:30  INFO 3720 --- [event_planner] [http-nio-8080-exec-2] o.a.c.c.C.[Tomcat-4].[localhost].[/]     : Initializing Spring DispatcherServlet 'dispatcherServlet'
2024-07-29T13:37:09.550+05:30  INFO 3720 --- [event_planner] [http-nio-8080-exec-2] o.s.web.servlet.DispatcherServlet        : Initializing Servlet 'dispatcherServlet'
2024-07-29T13:37:09.552+05:30  INFO 3720 --- [event_planner] [http-nio-8080-exec-2] o.s.web.servlet.DispatcherServlet        : Completed initialization in 2 ms
2024-07-29T13:37:09.562+05:30  INFO 3720 --- [event_planner] [http-nio-8080-exec-2] c.r.e.controller.AllQuotationController  : Received request to create a new quotation
2024-07-29T13:37:09.563+05:30  INFO 3720 --- [event_planner] [http-nio-8080-exec-2] c.rsl.event.service.AllQuotationService  : Creating new quotation: com.rsl.event.entity.AllQuotation@1d96b75a
2024-07-29T13:38:07.894+05:30  INFO 3720 --- [event_planner] [File Watcher] rtingClassPathChangeChangedEventListener : Restarting due to 1 class path change (0 additions, 0 deletions, 1 modification)
2024-07-29T13:38:07.914+05:30  INFO 3720 --- [event_planner] [Thread-59] j.LocalContainerEntityManagerFactoryBean : Closing JPA EntityManagerFactory for persistence unit 'default'
2024-07-29T13:38:07.917+05:30  INFO 3720 --- [event_planner] [Thread-59] com.zaxxer.hikari.HikariDataSource       : HikariPool-16 - Shutdown initiated...
2024-07-29T13:38:07.928+05:30  INFO 3720 --- [event_planner] [Thread-59] com.zaxxer.hikari.HikariDataSource       : HikariPool-16 - Shutdown completed.
2024-07-29T13:38:08.074+05:30  INFO 3720 --- [event_planner] [restartedMain] com.rsl.event.EventPlannerApplication    : Starting EventPlannerApplication using Java 21.0.3 with PID 3720 (C:\Users\lenovo\Documents\workspace-spring-tool-suite-4-4.23.1.RELEASE\event_planner\target\classes started by Mane Manoj in C:\Users\lenovo\Documents\workspace-spring-tool-suite-4-4.23.1.RELEASE\event_planner)
2024-07-29T13:38:08.075+05:30 DEBUG 3720 --- [event_planner] [restartedMain] com.rsl.event.EventPlannerApplication    : Running with Spring Boot v3.3.2, Spring v6.1.11
2024-07-29T13:38:08.075+05:30  INFO 3720 --- [event_planner] [restartedMain] com.rsl.event.EventPlannerApplication    : No active profile set, falling back to 1 default profile: "default"
2024-07-29T13:38:08.378+05:30  INFO 3720 --- [event_planner] [restartedMain] .s.d.r.c.RepositoryConfigurationDelegate : Bootstrapping Spring Data JPA repositories in DEFAULT mode.
2024-07-29T13:38:08.400+05:30  INFO 3720 --- [event_planner] [restartedMain] .s.d.r.c.RepositoryConfigurationDelegate : Finished Spring Data repository scanning in 21 ms. Found 5 JPA repository interfaces.
2024-07-29T13:38:08.556+05:30  INFO 3720 --- [event_planner] [restartedMain] o.s.b.w.embedded.tomcat.TomcatWebServer  : Tomcat initialized with port 8080 (http)
2024-07-29T13:38:08.560+05:30  INFO 3720 --- [event_planner] [restartedMain] o.apache.catalina.core.StandardService   : Starting service [Tomcat]
2024-07-29T13:38:08.560+05:30  INFO 3720 --- [event_planner] [restartedMain] o.apache.catalina.core.StandardEngine    : Starting Servlet engine: [Apache Tomcat/10.1.26]
2024-07-29T13:38:08.642+05:30  INFO 3720 --- [event_planner] [restartedMain] o.a.c.c.C.[Tomcat-4].[localhost].[/]     : Initializing Spring embedded WebApplicationContext
2024-07-29T13:38:08.643+05:30  INFO 3720 --- [event_planner] [restartedMain] w.s.c.ServletWebServerApplicationContext : Root WebApplicationContext: initialization completed in 565 ms
2024-07-29T13:38:08.699+05:30  INFO 3720 --- [event_planner] [restartedMain] o.hibernate.jpa.internal.util.LogHelper  : HHH000204: Processing PersistenceUnitInfo [name: default]
2024-07-29T13:38:08.706+05:30  INFO 3720 --- [event_planner] [restartedMain] o.h.c.internal.RegionFactoryInitiator    : HHH000026: Second-level cache disabled
2024-07-29T13:38:08.718+05:30  INFO 3720 --- [event_planner] [restartedMain] o.s.o.j.p.SpringPersistenceUnitInfo      : No LoadTimeWeaver setup: ignoring JPA class transformer
2024-07-29T13:38:08.720+05:30  INFO 3720 --- [event_planner] [restartedMain] com.zaxxer.hikari.HikariDataSource       : HikariPool-17 - Starting...
2024-07-29T13:38:08.734+05:30  INFO 3720 --- [event_planner] [restartedMain] com.zaxxer.hikari.pool.HikariPool        : HikariPool-17 - Added connection com.mysql.cj.jdbc.ConnectionImpl@44b65ad
2024-07-29T13:38:08.735+05:30  INFO 3720 --- [event_planner] [restartedMain] com.zaxxer.hikari.HikariDataSource       : HikariPool-17 - Start completed.
2024-07-29T13:38:08.735+05:30  WARN 3720 --- [event_planner] [restartedMain] org.hibernate.orm.deprecation            : HHH90000025: MySQL8Dialect does not need to be specified explicitly using 'hibernate.dialect' (remove the property setting and it will be selected by default)
2024-07-29T13:38:08.735+05:30  WARN 3720 --- [event_planner] [restartedMain] org.hibernate.orm.deprecation            : HHH90000026: MySQL8Dialect has been deprecated; use org.hibernate.dialect.MySQLDialect instead
2024-07-29T13:38:08.862+05:30  INFO 3720 --- [event_planner] [restartedMain] o.h.e.t.j.p.i.JtaPlatformInitiator       : HHH000489: No JTA platform available (set 'hibernate.transaction.jta.platform' to enable JTA platform integration)
2024-07-29T13:38:15.616+05:30  INFO 3720 --- [event_planner] [restartedMain] j.LocalContainerEntityManagerFactoryBean : Initialized JPA EntityManagerFactory for persistence unit 'default'
2024-07-29T13:38:15.774+05:30  WARN 3720 --- [event_planner] [restartedMain] JpaBaseConfiguration$JpaWebConfiguration : spring.jpa.open-in-view is enabled by default. Therefore, database queries may be performed during view rendering. Explicitly configure spring.jpa.open-in-view to disable this warning
2024-07-29T13:38:15.904+05:30  INFO 3720 --- [event_planner] [restartedMain] o.s.b.d.a.OptionalLiveReloadServer       : LiveReload server is running on port 35729
2024-07-29T13:38:15.922+05:30  INFO 3720 --- [event_planner] [restartedMain] o.s.b.w.embedded.tomcat.TomcatWebServer  : Tomcat started on port 8080 (http) with context path '/'
2024-07-29T13:38:15.926+05:30  INFO 3720 --- [event_planner] [restartedMain] com.rsl.event.EventPlannerApplication    : Started EventPlannerApplication in 7.903 seconds (process running for 4044.746)
2024-07-29T13:38:15.927+05:30  INFO 3720 --- [event_planner] [restartedMain] .ConditionEvaluationDeltaLoggingListener : Condition evaluation unchanged
2024-07-29T13:38:20.508+05:30  INFO 3720 --- [event_planner] [http-nio-8080-exec-2] o.a.c.c.C.[Tomcat-4].[localhost].[/]     : Initializing Spring DispatcherServlet 'dispatcherServlet'
2024-07-29T13:38:20.508+05:30  INFO 3720 --- [event_planner] [http-nio-8080-exec-2] o.s.web.servlet.DispatcherServlet        : Initializing Servlet 'dispatcherServlet'
2024-07-29T13:38:20.510+05:30  INFO 3720 --- [event_planner] [http-nio-8080-exec-2] o.s.web.servlet.DispatcherServlet        : Completed initialization in 2 ms
2024-07-29T13:38:20.518+05:30  INFO 3720 --- [event_planner] [http-nio-8080-exec-2] c.r.e.controller.AllQuotationController  : Received request to create a new quotation
2024-07-29T13:38:20.518+05:30  INFO 3720 --- [event_planner] [http-nio-8080-exec-2] c.rsl.event.service.AllQuotationService  : Creating new quotation: com.rsl.event.entity.AllQuotation@703cf30
2024-07-29T13:38:45.932+05:30  INFO 3720 --- [event_planner] [File Watcher] rtingClassPathChangeChangedEventListener : Restarting due to 1 class path change (0 additions, 0 deletions, 1 modification)
2024-07-29T13:38:45.952+05:30  INFO 3720 --- [event_planner] [Thread-63] j.LocalContainerEntityManagerFactoryBean : Closing JPA EntityManagerFactory for persistence unit 'default'
2024-07-29T13:38:45.954+05:30  INFO 3720 --- [event_planner] [Thread-63] com.zaxxer.hikari.HikariDataSource       : HikariPool-17 - Shutdown initiated...
2024-07-29T13:38:45.964+05:30  INFO 3720 --- [event_planner] [Thread-63] com.zaxxer.hikari.HikariDataSource       : HikariPool-17 - Shutdown completed.
2024-07-29T13:38:46.119+05:30  INFO 3720 --- [event_planner] [restartedMain] com.rsl.event.EventPlannerApplication    : Starting EventPlannerApplication using Java 21.0.3 with PID 3720 (C:\Users\lenovo\Documents\workspace-spring-tool-suite-4-4.23.1.RELEASE\event_planner\target\classes started by Mane Manoj in C:\Users\lenovo\Documents\workspace-spring-tool-suite-4-4.23.1.RELEASE\event_planner)
2024-07-29T13:38:46.119+05:30 DEBUG 3720 --- [event_planner] [restartedMain] com.rsl.event.EventPlannerApplication    : Running with Spring Boot v3.3.2, Spring v6.1.11
2024-07-29T13:38:46.119+05:30  INFO 3720 --- [event_planner] [restartedMain] com.rsl.event.EventPlannerApplication    : No active profile set, falling back to 1 default profile: "default"
2024-07-29T13:38:46.373+05:30  INFO 3720 --- [event_planner] [restartedMain] .s.d.r.c.RepositoryConfigurationDelegate : Bootstrapping Spring Data JPA repositories in DEFAULT mode.
2024-07-29T13:38:46.392+05:30  INFO 3720 --- [event_planner] [restartedMain] .s.d.r.c.RepositoryConfigurationDelegate : Finished Spring Data repository scanning in 19 ms. Found 5 JPA repository interfaces.
2024-07-29T13:38:46.527+05:30  INFO 3720 --- [event_planner] [restartedMain] o.s.b.w.embedded.tomcat.TomcatWebServer  : Tomcat initialized with port 8080 (http)
2024-07-29T13:38:46.528+05:30  INFO 3720 --- [event_planner] [restartedMain] o.apache.catalina.core.StandardService   : Starting service [Tomcat]
2024-07-29T13:38:46.529+05:30  INFO 3720 --- [event_planner] [restartedMain] o.apache.catalina.core.StandardEngine    : Starting Servlet engine: [Apache Tomcat/10.1.26]
2024-07-29T13:38:46.554+05:30  INFO 3720 --- [event_planner] [restartedMain] o.a.c.c.C.[Tomcat-4].[localhost].[/]     : Initializing Spring embedded WebApplicationContext
2024-07-29T13:38:46.554+05:30  INFO 3720 --- [event_planner] [restartedMain] w.s.c.ServletWebServerApplicationContext : Root WebApplicationContext: initialization completed in 432 ms
2024-07-29T13:38:46.632+05:30  INFO 3720 --- [event_planner] [restartedMain] o.hibernate.jpa.internal.util.LogHelper  : HHH000204: Processing PersistenceUnitInfo [name: default]
2024-07-29T13:38:46.637+05:30  INFO 3720 --- [event_planner] [restartedMain] o.h.c.internal.RegionFactoryInitiator    : HHH000026: Second-level cache disabled
2024-07-29T13:38:46.649+05:30  INFO 3720 --- [event_planner] [restartedMain] o.s.o.j.p.SpringPersistenceUnitInfo      : No LoadTimeWeaver setup: ignoring JPA class transformer
2024-07-29T13:38:46.650+05:30  INFO 3720 --- [event_planner] [restartedMain] com.zaxxer.hikari.HikariDataSource       : HikariPool-18 - Starting...
2024-07-29T13:38:46.664+05:30  INFO 3720 --- [event_planner] [restartedMain] com.zaxxer.hikari.pool.HikariPool        : HikariPool-18 - Added connection com.mysql.cj.jdbc.ConnectionImpl@2a876fba
2024-07-29T13:38:46.664+05:30  INFO 3720 --- [event_planner] [restartedMain] com.zaxxer.hikari.HikariDataSource       : HikariPool-18 - Start completed.
2024-07-29T13:38:46.665+05:30  WARN 3720 --- [event_planner] [restartedMain] org.hibernate.orm.deprecation            : HHH90000025: MySQL8Dialect does not need to be specified explicitly using 'hibernate.dialect' (remove the property setting and it will be selected by default)
2024-07-29T13:38:46.665+05:30  WARN 3720 --- [event_planner] [restartedMain] org.hibernate.orm.deprecation            : HHH90000026: MySQL8Dialect has been deprecated; use org.hibernate.dialect.MySQLDialect instead
2024-07-29T13:38:46.772+05:30  INFO 3720 --- [event_planner] [restartedMain] o.h.e.t.j.p.i.JtaPlatformInitiator       : HHH000489: No JTA platform available (set 'hibernate.transaction.jta.platform' to enable JTA platform integration)
2024-07-29T13:38:52.232+05:30  INFO 3720 --- [event_planner] [restartedMain] j.LocalContainerEntityManagerFactoryBean : Initialized JPA EntityManagerFactory for persistence unit 'default'
2024-07-29T13:38:52.380+05:30  WARN 3720 --- [event_planner] [restartedMain] JpaBaseConfiguration$JpaWebConfiguration : spring.jpa.open-in-view is enabled by default. Therefore, database queries may be performed during view rendering. Explicitly configure spring.jpa.open-in-view to disable this warning
2024-07-29T13:38:52.528+05:30  INFO 3720 --- [event_planner] [restartedMain] o.s.b.d.a.OptionalLiveReloadServer       : LiveReload server is running on port 35729
2024-07-29T13:38:52.548+05:30  INFO 3720 --- [event_planner] [restartedMain] o.s.b.w.embedded.tomcat.TomcatWebServer  : Tomcat started on port 8080 (http) with context path '/'
2024-07-29T13:38:52.552+05:30  INFO 3720 --- [event_planner] [restartedMain] com.rsl.event.EventPlannerApplication    : Started EventPlannerApplication in 6.472 seconds (process running for 4081.372)
2024-07-29T13:38:52.553+05:30  INFO 3720 --- [event_planner] [restartedMain] .ConditionEvaluationDeltaLoggingListener : Condition evaluation unchanged
2024-07-29T13:39:44.776+05:30  INFO 3720 --- [event_planner] [http-nio-8080-exec-1] o.a.c.c.C.[Tomcat-4].[localhost].[/]     : Initializing Spring DispatcherServlet 'dispatcherServlet'
2024-07-29T13:39:44.776+05:30  INFO 3720 --- [event_planner] [http-nio-8080-exec-1] o.s.web.servlet.DispatcherServlet        : Initializing Servlet 'dispatcherServlet'
2024-07-29T13:39:44.779+05:30  INFO 3720 --- [event_planner] [http-nio-8080-exec-1] o.s.web.servlet.DispatcherServlet        : Completed initialization in 3 ms
2024-07-29T13:39:44.785+05:30  INFO 3720 --- [event_planner] [http-nio-8080-exec-1] c.r.e.controller.AllQuotationController  : Received request to create a new quotation
2024-07-29T13:39:44.786+05:30  INFO 3720 --- [event_planner] [http-nio-8080-exec-1] c.rsl.event.service.AllQuotationService  : Creating new quotation: com.rsl.event.entity.AllQuotation@7acd0179
2024-07-29T13:39:59.474+05:30  INFO 3720 --- [event_planner] [File Watcher] rtingClassPathChangeChangedEventListener : Restarting due to 1 class path change (0 additions, 0 deletions, 1 modification)
2024-07-29T13:39:59.500+05:30  INFO 3720 --- [event_planner] [Thread-67] j.LocalContainerEntityManagerFactoryBean : Closing JPA EntityManagerFactory for persistence unit 'default'
2024-07-29T13:39:59.501+05:30  INFO 3720 --- [event_planner] [Thread-67] com.zaxxer.hikari.HikariDataSource       : HikariPool-18 - Shutdown initiated...
2024-07-29T13:39:59.518+05:30  INFO 3720 --- [event_planner] [Thread-67] com.zaxxer.hikari.HikariDataSource       : HikariPool-18 - Shutdown completed.
2024-07-29T13:40:00.081+05:30  INFO 3720 --- [event_planner] [restartedMain] com.rsl.event.EventPlannerApplication    : Starting EventPlannerApplication using Java 21.0.3 with PID 3720 (C:\Users\lenovo\Documents\workspace-spring-tool-suite-4-4.23.1.RELEASE\event_planner\target\classes started by Mane Manoj in C:\Users\lenovo\Documents\workspace-spring-tool-suite-4-4.23.1.RELEASE\event_planner)
2024-07-29T13:40:00.082+05:30 DEBUG 3720 --- [event_planner] [restartedMain] com.rsl.event.EventPlannerApplication    : Running with Spring Boot v3.3.2, Spring v6.1.11
2024-07-29T13:40:00.083+05:30  INFO 3720 --- [event_planner] [restartedMain] com.rsl.event.EventPlannerApplication    : No active profile set, falling back to 1 default profile: "default"
2024-07-29T13:40:01.444+05:30  INFO 3720 --- [event_planner] [restartedMain] .s.d.r.c.RepositoryConfigurationDelegate : Bootstrapping Spring Data JPA repositories in DEFAULT mode.
2024-07-29T13:40:01.526+05:30  INFO 3720 --- [event_planner] [restartedMain] .s.d.r.c.RepositoryConfigurationDelegate : Finished Spring Data repository scanning in 81 ms. Found 5 JPA repository interfaces.
2024-07-29T13:40:02.046+05:30  INFO 3720 --- [event_planner] [restartedMain] o.s.b.w.embedded.tomcat.TomcatWebServer  : Tomcat initialized with port 8080 (http)
2024-07-29T13:40:02.139+05:30  INFO 3720 --- [event_planner] [restartedMain] o.apache.catalina.core.StandardService   : Starting service [Tomcat]
2024-07-29T13:40:02.139+05:30  INFO 3720 --- [event_planner] [restartedMain] o.apache.catalina.core.StandardEngine    : Starting Servlet engine: [Apache Tomcat/10.1.26]
2024-07-29T13:40:02.379+05:30  INFO 3720 --- [event_planner] [restartedMain] o.a.c.c.C.[Tomcat-4].[localhost].[/]     : Initializing Spring embedded WebApplicationContext
2024-07-29T13:40:02.380+05:30  INFO 3720 --- [event_planner] [restartedMain] w.s.c.ServletWebServerApplicationContext : Root WebApplicationContext: initialization completed in 2273 ms
2024-07-29T13:40:02.531+05:30  INFO 3720 --- [event_planner] [restartedMain] o.hibernate.jpa.internal.util.LogHelper  : HHH000204: Processing PersistenceUnitInfo [name: default]
2024-07-29T13:40:02.545+05:30  INFO 3720 --- [event_planner] [restartedMain] o.h.c.internal.RegionFactoryInitiator    : HHH000026: Second-level cache disabled
2024-07-29T13:40:02.589+05:30  INFO 3720 --- [event_planner] [restartedMain] o.s.o.j.p.SpringPersistenceUnitInfo      : No LoadTimeWeaver setup: ignoring JPA class transformer
2024-07-29T13:40:02.598+05:30  INFO 3720 --- [event_planner] [restartedMain] com.zaxxer.hikari.HikariDataSource       : HikariPool-19 - Starting...
2024-07-29T13:40:02.645+05:30  INFO 3720 --- [event_planner] [restartedMain] com.zaxxer.hikari.pool.HikariPool        : HikariPool-19 - Added connection com.mysql.cj.jdbc.ConnectionImpl@5e1d7344
2024-07-29T13:40:02.646+05:30  INFO 3720 --- [event_planner] [restartedMain] com.zaxxer.hikari.HikariDataSource       : HikariPool-19 - Start completed.
2024-07-29T13:40:02.648+05:30  WARN 3720 --- [event_planner] [restartedMain] org.hibernate.orm.deprecation            : HHH90000025: MySQL8Dialect does not need to be specified explicitly using 'hibernate.dialect' (remove the property setting and it will be selected by default)
2024-07-29T13:40:02.648+05:30  WARN 3720 --- [event_planner] [restartedMain] org.hibernate.orm.deprecation            : HHH90000026: MySQL8Dialect has been deprecated; use org.hibernate.dialect.MySQLDialect instead
2024-07-29T13:40:03.093+05:30  INFO 3720 --- [event_planner] [restartedMain] o.h.e.t.j.p.i.JtaPlatformInitiator       : HHH000489: No JTA platform available (set 'hibernate.transaction.jta.platform' to enable JTA platform integration)
2024-07-29T13:40:08.319+05:30  INFO 3720 --- [event_planner] [restartedMain] j.LocalContainerEntityManagerFactoryBean : Initialized JPA EntityManagerFactory for persistence unit 'default'
2024-07-29T13:40:08.720+05:30  WARN 3720 --- [event_planner] [restartedMain] JpaBaseConfiguration$JpaWebConfiguration : spring.jpa.open-in-view is enabled by default. Therefore, database queries may be performed during view rendering. Explicitly configure spring.jpa.open-in-view to disable this warning
2024-07-29T13:40:09.117+05:30  INFO 3720 --- [event_planner] [restartedMain] o.s.b.d.a.OptionalLiveReloadServer       : LiveReload server is running on port 35729
2024-07-29T13:40:09.164+05:30  INFO 3720 --- [event_planner] [restartedMain] o.s.b.w.embedded.tomcat.TomcatWebServer  : Tomcat started on port 8080 (http) with context path '/'
2024-07-29T13:40:09.177+05:30  INFO 3720 --- [event_planner] [restartedMain] com.rsl.event.EventPlannerApplication    : Started EventPlannerApplication in 9.342 seconds (process running for 4157.997)
2024-07-29T13:40:09.180+05:30  INFO 3720 --- [event_planner] [restartedMain] .ConditionEvaluationDeltaLoggingListener : Condition evaluation unchanged
2024-07-29T13:40:18.678+05:30  INFO 3720 --- [event_planner] [http-nio-8080-exec-3] o.a.c.c.C.[Tomcat-4].[localhost].[/]     : Initializing Spring DispatcherServlet 'dispatcherServlet'
2024-07-29T13:40:18.678+05:30  INFO 3720 --- [event_planner] [http-nio-8080-exec-3] o.s.web.servlet.DispatcherServlet        : Initializing Servlet 'dispatcherServlet'
2024-07-29T13:40:18.683+05:30  INFO 3720 --- [event_planner] [http-nio-8080-exec-3] o.s.web.servlet.DispatcherServlet        : Completed initialization in 4 ms
2024-07-29T13:40:18.708+05:30  INFO 3720 --- [event_planner] [http-nio-8080-exec-3] c.r.e.controller.AllQuotationController  : Received request to create a new quotation
2024-07-29T13:40:18.709+05:30  INFO 3720 --- [event_planner] [http-nio-8080-exec-3] c.rsl.event.service.AllQuotationService  : Creating new quotation: com.rsl.event.entity.AllQuotation@58f52ae6
2024-07-29T13:40:39.157+05:30  INFO 3720 --- [event_planner] [File Watcher] rtingClassPathChangeChangedEventListener : Restarting due to 1 class path change (0 additions, 0 deletions, 1 modification)
2024-07-29T13:40:39.189+05:30  INFO 3720 --- [event_planner] [Thread-71] j.LocalContainerEntityManagerFactoryBean : Closing JPA EntityManagerFactory for persistence unit 'default'
2024-07-29T13:40:39.191+05:30  INFO 3720 --- [event_planner] [Thread-71] com.zaxxer.hikari.HikariDataSource       : HikariPool-19 - Shutdown initiated...
2024-07-29T13:40:39.215+05:30  INFO 3720 --- [event_planner] [Thread-71] com.zaxxer.hikari.HikariDataSource       : HikariPool-19 - Shutdown completed.
